<?xml version="1.0" encoding="UTF-8"?>
<!-- Generated by org.testng.reporters.JUnitReportReporter -->
<testsuite hostname="Nilmie" failures="0" tests="1" name="Test.Login" time="9.517" errors="0" timestamp="2020-10-22T22:02:11 IST" skipped="0">
  <testcase classname="Test.Login" name="test_Home_Page_Appear_Correct" time="9.517"/>
  <system-out/>
</testsuite> <!-- Test.Login -->
